mode: set
be/delivery/controllers/auth/auth.go:19.42,23.2 1 1
be/delivery/controllers/auth/auth.go:25.52,26.36 1 1
be/delivery/controllers/auth/auth.go:26.36,29.100 2 1
be/delivery/controllers/auth/auth.go:33.3,35.17 2 1
be/delivery/controllers/auth/auth.go:52.3,54.17 2 1
be/delivery/controllers/auth/auth.go:60.3,63.6 1 1
be/delivery/controllers/auth/auth.go:29.100,31.4 1 1
be/delivery/controllers/auth/auth.go:35.17,37.23 2 1
be/delivery/controllers/auth/auth.go:48.4,48.95 1 1
be/delivery/controllers/auth/auth.go:38.30,39.43 1 1
be/delivery/controllers/auth/auth.go:40.30,41.43 1 1
be/delivery/controllers/auth/auth.go:42.28,43.45 1 1
be/delivery/controllers/auth/auth.go:44.12,45.55 1 1
be/delivery/controllers/auth/auth.go:54.17,58.4 3 1
be/delivery/controllers/doctor/doctor.go:23.63,28.2 1 1
be/delivery/controllers/doctor/doctor.go:30.51,31.36 1 1
be/delivery/controllers/doctor/doctor.go:31.36,34.38 2 1
be/delivery/controllers/doctor/doctor.go:39.3,40.39 2 1
be/delivery/controllers/doctor/doctor.go:45.3,47.17 2 1
be/delivery/controllers/doctor/doctor.go:60.3,61.17 2 1
be/delivery/controllers/doctor/doctor.go:64.3,64.17 1 1
be/delivery/controllers/doctor/doctor.go:70.3,72.6 1 1
be/delivery/controllers/doctor/doctor.go:34.38,37.4 2 1
be/delivery/controllers/doctor/doctor.go:40.39,43.4 2 1
be/delivery/controllers/doctor/doctor.go:47.17,49.23 2 1
be/delivery/controllers/doctor/doctor.go:57.4,57.95 1 1
be/delivery/controllers/doctor/doctor.go:50.64,51.57 1 1
be/delivery/controllers/doctor/doctor.go:52.58,53.51 1 1
be/delivery/controllers/doctor/doctor.go:54.12,55.55 1 1
be/delivery/controllers/doctor/doctor.go:61.17,63.4 1 1
be/delivery/controllers/doctor/doctor.go:64.17,68.4 2 1
be/delivery/controllers/doctor/doctor.go:76.51,77.36 1 1
be/delivery/controllers/doctor/doctor.go:77.36,81.38 3 1
be/delivery/controllers/doctor/doctor.go:86.3,88.17 2 1
be/delivery/controllers/doctor/doctor.go:101.3,102.17 2 1
be/delivery/controllers/doctor/doctor.go:106.3,107.17 2 1
be/delivery/controllers/doctor/doctor.go:110.3,110.17 1 1
be/delivery/controllers/doctor/doctor.go:125.3,125.112 1 1
be/delivery/controllers/doctor/doctor.go:81.38,84.4 2 1
be/delivery/controllers/doctor/doctor.go:88.17,90.23 2 1
be/delivery/controllers/doctor/doctor.go:98.4,98.95 1 1
be/delivery/controllers/doctor/doctor.go:91.58,92.51 1 1
be/delivery/controllers/doctor/doctor.go:93.82,94.75 1 1
be/delivery/controllers/doctor/doctor.go:95.12,96.55 1 1
be/delivery/controllers/doctor/doctor.go:102.17,104.4 1 0
be/delivery/controllers/doctor/doctor.go:107.17,109.4 1 1
be/delivery/controllers/doctor/doctor.go:110.17,111.92 1 1
be/delivery/controllers/doctor/doctor.go:111.92,118.5 4 1
be/delivery/controllers/doctor/doctor.go:118.10,122.5 2 1
be/delivery/controllers/doctor/doctor.go:129.51,130.36 1 1
be/delivery/controllers/doctor/doctor.go:130.36,135.17 3 1
be/delivery/controllers/doctor/doctor.go:140.3,141.17 2 1
be/delivery/controllers/doctor/doctor.go:145.3,145.91 1 1
be/delivery/controllers/doctor/doctor.go:155.3,155.117 1 1
be/delivery/controllers/doctor/doctor.go:135.17,138.4 2 1
be/delivery/controllers/doctor/doctor.go:141.17,143.4 1 0
be/delivery/controllers/doctor/doctor.go:145.91,153.4 5 1
be/delivery/controllers/doctor/doctor.go:159.55,160.36 1 1
be/delivery/controllers/doctor/doctor.go:160.36,165.17 3 1
be/delivery/controllers/doctor/doctor.go:170.3,170.90 1 1
be/delivery/controllers/doctor/doctor.go:165.17,168.4 2 1
be/delivery/controllers/doctor/doctor.go:174.51,175.36 1 1
be/delivery/controllers/doctor/doctor.go:175.36,179.17 2 1
be/delivery/controllers/doctor/doctor.go:184.3,184.96 1 1
be/delivery/controllers/doctor/doctor.go:179.17,182.4 2 1
be/delivery/controllers/doctor/formatter.go:18.43,32.2 1 1
be/delivery/controllers/doctor/mock.go:13.82,15.2 1 1
be/delivery/controllers/doctor/mock.go:17.94,19.2 1 1
be/delivery/controllers/doctor/mock.go:21.74,23.2 1 1
be/delivery/controllers/doctor/mock.go:25.81,27.2 1 1
be/delivery/controllers/doctor/mock.go:29.52,31.2 1 1
be/delivery/controllers/doctor/mock.go:35.77,37.2 1 0
be/delivery/controllers/doctor/mock.go:39.89,41.2 1 1
be/delivery/controllers/doctor/mock.go:43.69,45.2 1 0
be/delivery/controllers/doctor/mock.go:47.76,49.2 1 1
be/delivery/controllers/doctor/mock.go:51.47,53.2 1 0
be/delivery/controllers/doctor/mock.go:57.79,59.2 1 1
be/delivery/controllers/doctor/mock.go:61.91,63.2 1 1
be/delivery/controllers/doctor/mock.go:65.71,67.2 1 1
be/delivery/controllers/doctor/mock.go:69.78,71.2 1 1
be/delivery/controllers/doctor/mock.go:73.49,75.2 1 1
be/delivery/controllers/doctor/mock.go:79.85,81.2 1 1
be/delivery/controllers/doctor/mock.go:83.97,85.2 1 1
be/delivery/controllers/doctor/mock.go:87.77,89.2 1 0
be/delivery/controllers/doctor/mock.go:91.84,93.2 1 0
be/delivery/controllers/doctor/mock.go:95.55,97.2 1 0
be/delivery/controllers/doctor/mock.go:101.85,103.2 1 1
be/delivery/controllers/doctor/mock.go:105.97,107.2 1 1
be/delivery/controllers/doctor/mock.go:109.77,111.2 1 0
be/delivery/controllers/doctor/mock.go:113.84,115.2 1 0
be/delivery/controllers/doctor/mock.go:117.55,119.2 1 0
be/delivery/controllers/doctor/mock.go:123.95,128.2 1 1
be/delivery/controllers/patient/formatter.go:26.45,47.2 3 1
be/delivery/controllers/patient/patient.go:22.65,27.2 1 1
be/delivery/controllers/patient/patient.go:29.51,30.36 1 1
be/delivery/controllers/patient/patient.go:30.36,33.38 2 1
be/delivery/controllers/patient/patient.go:37.3,38.39 2 1
be/delivery/controllers/patient/patient.go:42.3,44.17 2 1
be/delivery/controllers/patient/patient.go:48.3,49.18 2 1
be/delivery/controllers/patient/patient.go:52.3,52.18 1 1
be/delivery/controllers/patient/patient.go:58.3,58.108 1 1
be/delivery/controllers/patient/patient.go:33.38,35.4 1 1
be/delivery/controllers/patient/patient.go:38.39,40.4 1 1
be/delivery/controllers/patient/patient.go:44.17,47.4 1 1
be/delivery/controllers/patient/patient.go:49.18,51.4 1 1
be/delivery/controllers/patient/patient.go:52.18,56.4 2 0
be/delivery/controllers/patient/patient.go:62.51,63.36 1 1
be/delivery/controllers/patient/patient.go:63.36,67.38 3 1
be/delivery/controllers/patient/patient.go:71.3,73.17 2 1
be/delivery/controllers/patient/patient.go:78.3,79.18 2 1
be/delivery/controllers/patient/patient.go:83.3,84.18 2 1
be/delivery/controllers/patient/patient.go:88.3,88.18 1 1
be/delivery/controllers/patient/patient.go:105.3,105.113 1 1
be/delivery/controllers/patient/patient.go:67.38,69.4 1 1
be/delivery/controllers/patient/patient.go:73.17,76.4 1 1
be/delivery/controllers/patient/patient.go:79.18,81.4 1 0
be/delivery/controllers/patient/patient.go:84.18,86.4 1 1
be/delivery/controllers/patient/patient.go:88.18,89.92 1 0
be/delivery/controllers/patient/patient.go:89.92,95.25 4 0
be/delivery/controllers/patient/patient.go:95.25,97.6 1 0
be/delivery/controllers/patient/patient.go:98.10,102.5 2 0
be/delivery/controllers/patient/patient.go:109.51,110.36 1 1
be/delivery/controllers/patient/patient.go:110.36,115.17 3 1
be/delivery/controllers/patient/patient.go:120.3,121.18 2 1
be/delivery/controllers/patient/patient.go:125.3,125.91 1 1
be/delivery/controllers/patient/patient.go:137.3,137.118 1 1
be/delivery/controllers/patient/patient.go:115.17,118.4 1 1
be/delivery/controllers/patient/patient.go:121.18,123.4 1 0
be/delivery/controllers/patient/patient.go:125.91,135.4 4 1
be/delivery/controllers/patient/patient.go:141.55,142.36 1 1
be/delivery/controllers/patient/patient.go:142.36,145.51 2 1
be/delivery/controllers/patient/patient.go:149.3,151.17 2 1
be/delivery/controllers/patient/patient.go:156.3,156.101 1 1
be/delivery/controllers/patient/patient.go:145.51,147.4 1 1
be/delivery/controllers/patient/patient.go:151.17,154.4 1 1
be/delivery/controllers/visit/formatter.go:28.41,48.2 3 1
be/delivery/controllers/visit/visit.go:20.60,25.2 1 1
be/delivery/controllers/visit/visit.go:27.51,28.36 1 1
be/delivery/controllers/visit/visit.go:28.36,32.38 3 1
be/delivery/controllers/visit/visit.go:36.3,37.39 2 1
be/delivery/controllers/visit/visit.go:40.3,42.17 2 1
be/delivery/controllers/visit/visit.go:47.3,48.17 2 1
be/delivery/controllers/visit/visit.go:52.3,53.17 2 1
be/delivery/controllers/visit/visit.go:58.3,58.140 1 1
be/delivery/controllers/visit/visit.go:32.38,34.4 1 1
be/delivery/controllers/visit/visit.go:37.39,39.4 1 1
be/delivery/controllers/visit/visit.go:42.17,45.4 1 1
be/delivery/controllers/visit/visit.go:48.17,51.4 2 0
be/delivery/controllers/visit/visit.go:53.17,56.4 2 0
be/delivery/controllers/visit/visit.go:62.51,63.36 1 1
be/delivery/controllers/visit/visit.go:63.36,67.38 3 1
be/delivery/controllers/visit/visit.go:71.3,73.17 2 1
be/delivery/controllers/visit/visit.go:78.3,78.116 1 1
be/delivery/controllers/visit/visit.go:67.38,69.4 1 1
be/delivery/controllers/visit/visit.go:73.17,76.4 1 1
be/delivery/controllers/visit/visit.go:82.51,83.36 1 1
be/delivery/controllers/visit/visit.go:83.36,88.17 3 1
be/delivery/controllers/visit/visit.go:93.3,93.116 1 1
be/delivery/controllers/visit/visit.go:88.17,91.4 1 1
be/delivery/controllers/visit/visit.go:97.54,98.36 1 1
be/delivery/controllers/visit/visit.go:98.36,109.17 7 1
be/delivery/controllers/visit/visit.go:114.3,114.96 1 1
be/delivery/controllers/visit/visit.go:109.17,112.4 1 1
be/repository/auth/auth.go:16.31,20.2 1 1
be/repository/auth/auth.go:22.91,29.27 3 1
be/repository/auth/auth.go:35.2,35.27 1 1
be/repository/auth/auth.go:51.2,54.27 3 1
be/repository/auth/auth.go:60.2,60.27 1 1
be/repository/auth/auth.go:73.2,74.70 2 1
be/repository/auth/auth.go:29.27,30.75 1 1
be/repository/auth/auth.go:30.75,32.4 1 1
be/repository/auth/auth.go:35.27,37.30 1 1
be/repository/auth/auth.go:43.3,46.9 1 1
be/repository/auth/auth.go:37.30,41.4 1 1
be/repository/auth/auth.go:54.27,55.74 1 1
be/repository/auth/auth.go:55.74,57.4 1 1
be/repository/auth/auth.go:60.27,62.29 1 1
be/repository/auth/auth.go:68.3,71.9 1 1
be/repository/auth/auth.go:62.29,66.4 1 1
be/repository/doctor/doctor.go:18.29,22.2 1 1
be/repository/doctor/doctor.go:24.69,28.22 1 1
be/repository/doctor/doctor.go:34.2,40.37 3 1
be/repository/doctor/doctor.go:43.2,44.6 2 1
be/repository/doctor/doctor.go:52.2,54.16 3 1
be/repository/doctor/doctor.go:58.2,60.74 2 1
be/repository/doctor/doctor.go:65.2,65.17 1 1
be/repository/doctor/doctor.go:28.22,30.3 1 1
be/repository/doctor/doctor.go:40.37,42.3 1 1
be/repository/doctor/doctor.go:44.6,48.28 4 1
be/repository/doctor/doctor.go:48.28,49.9 1 1
be/repository/doctor/doctor.go:54.16,57.3 2 0
be/repository/doctor/doctor.go:60.74,63.3 2 0
be/repository/doctor/doctor.go:68.88,71.15 2 1
be/repository/doctor/doctor.go:77.2,77.33 1 1
be/repository/doctor/doctor.go:81.2,91.37 4 1
be/repository/doctor/doctor.go:97.2,97.135 1 1
be/repository/doctor/doctor.go:104.2,107.22 2 1
be/repository/doctor/doctor.go:112.2,122.109 1 1
be/repository/doctor/doctor.go:129.2,129.35 1 1
be/repository/doctor/doctor.go:71.15,72.31 1 1
be/repository/doctor/doctor.go:72.31,74.4 1 0
be/repository/doctor/doctor.go:77.33,79.3 1 0
be/repository/doctor/doctor.go:91.37,95.3 3 1
be/repository/doctor/doctor.go:97.135,101.3 3 1
be/repository/doctor/doctor.go:107.22,110.3 2 1
be/repository/doctor/doctor.go:122.109,127.3 4 0
be/repository/doctor/doctor.go:132.67,135.139 2 1
be/repository/doctor/doctor.go:140.2,140.21 1 1
be/repository/doctor/doctor.go:135.139,138.3 2 1
be/repository/doctor/doctor.go:143.67,149.174 3 1
be/repository/doctor/doctor.go:154.2,154.25 1 1
be/repository/doctor/doctor.go:149.174,152.3 2 1
be/repository/doctor/doctor.go:157.38,160.80 2 1
be/repository/doctor/doctor.go:165.2,165.17 1 1
be/repository/doctor/doctor.go:160.80,163.3 2 0
be/repository/patient/patient.go:18.29,22.2 1 1
be/repository/patient/patient.go:24.71,26.41 1 1
be/repository/patient/patient.go:32.2,38.37 3 1
be/repository/patient/patient.go:41.2,42.6 2 1
be/repository/patient/patient.go:50.2,52.16 3 1
be/repository/patient/patient.go:55.2,57.75 2 1
be/repository/patient/patient.go:61.2,61.17 1 1
be/repository/patient/patient.go:26.41,28.3 1 0
be/repository/patient/patient.go:38.37,40.3 1 1
be/repository/patient/patient.go:42.6,46.28 4 1
be/repository/patient/patient.go:46.28,47.9 1 1
be/repository/patient/patient.go:52.16,54.3 1 0
be/repository/patient/patient.go:57.75,59.3 1 0
be/repository/patient/patient.go:64.91,66.9 1 1
be/repository/patient/patient.go:75.2,85.37 4 1
be/repository/patient/patient.go:89.2,98.71 1 1
be/repository/patient/patient.go:102.2,102.21 1 1
be/repository/patient/patient.go:67.21,68.60 1 0
be/repository/patient/patient.go:69.28,70.68 1 0
be/repository/patient/patient.go:71.46,72.70 1 0
be/repository/patient/patient.go:85.37,87.3 1 1
be/repository/patient/patient.go:98.71,100.3 1 1
be/repository/patient/patient.go:105.69,108.142 2 1
be/repository/patient/patient.go:112.2,112.21 1 1
be/repository/patient/patient.go:108.142,110.3 1 1
be/repository/patient/patient.go:115.64,118.144 2 1
be/repository/patient/patient.go:122.2,122.25 1 1
be/repository/patient/patient.go:118.144,120.3 1 0
be/repository/visit/visit.go:18.29,22.2 1 1
be/repository/visit/visit.go:24.105,29.16 3 1
be/repository/visit/visit.go:33.2,36.6 3 1
be/repository/visit/visit.go:44.2,49.15 5 1
be/repository/visit/visit.go:55.2,55.33 1 1
be/repository/visit/visit.go:59.2,59.71 1 1
be/repository/visit/visit.go:64.2,64.29 1 1
be/repository/visit/visit.go:80.2,80.31 1 1
be/repository/visit/visit.go:29.16,31.3 1 0
be/repository/visit/visit.go:36.6,40.28 4 1
be/repository/visit/visit.go:40.28,41.9 1 1
be/repository/visit/visit.go:49.15,50.31 1 1
be/repository/visit/visit.go:50.31,52.4 1 0
be/repository/visit/visit.go:55.33,57.3 1 0
be/repository/visit/visit.go:59.71,62.3 2 0
be/repository/visit/visit.go:64.29,68.114 2 1
be/repository/visit/visit.go:73.3,73.172 1 1
be/repository/visit/visit.go:68.114,71.4 2 0
be/repository/visit/visit.go:73.172,76.4 2 0
be/repository/visit/visit.go:84.102,90.164 2 1
be/repository/visit/visit.go:94.2,95.6 2 1
be/repository/visit/visit.go:103.2,111.15 5 1
be/repository/visit/visit.go:117.2,117.33 1 1
be/repository/visit/visit.go:121.2,121.71 1 1
be/repository/visit/visit.go:126.2,126.29 1 1
be/repository/visit/visit.go:142.2,142.31 1 1
be/repository/visit/visit.go:90.164,92.3 1 1
be/repository/visit/visit.go:95.6,99.28 4 1
be/repository/visit/visit.go:99.28,100.9 1 1
be/repository/visit/visit.go:111.15,112.31 1 1
be/repository/visit/visit.go:112.31,114.4 1 0
be/repository/visit/visit.go:117.33,119.3 1 0
be/repository/visit/visit.go:121.71,124.3 2 0
be/repository/visit/visit.go:126.29,130.114 2 1
be/repository/visit/visit.go:135.3,135.172 1 1
be/repository/visit/visit.go:130.114,133.4 2 0
be/repository/visit/visit.go:135.172,138.4 2 0
be/repository/visit/visit.go:145.85,147.15 2 1
be/repository/visit/visit.go:153.2,153.33 1 1
be/repository/visit/visit.go:157.2,157.45 1 1
be/repository/visit/visit.go:162.2,164.132 2 1
be/repository/visit/visit.go:168.2,170.114 2 1
be/repository/visit/visit.go:175.2,177.50 2 1
be/repository/visit/visit.go:184.2,197.23 1 1
be/repository/visit/visit.go:202.2,202.56 1 1
be/repository/visit/visit.go:218.2,218.35 1 1
be/repository/visit/visit.go:147.15,148.31 1 1
be/repository/visit/visit.go:148.31,150.4 1 0
be/repository/visit/visit.go:153.33,155.3 1 0
be/repository/visit/visit.go:157.45,160.3 2 0
be/repository/visit/visit.go:164.132,167.3 2 0
be/repository/visit/visit.go:170.114,174.3 2 0
be/repository/visit/visit.go:177.50,180.3 2 0
be/repository/visit/visit.go:197.23,200.3 2 0
be/repository/visit/visit.go:202.56,206.122 2 1
be/repository/visit/visit.go:211.3,211.180 1 1
be/repository/visit/visit.go:206.122,209.4 2 0
be/repository/visit/visit.go:211.180,214.4 2 0
be/repository/visit/visit.go:221.65,224.15 2 1
be/repository/visit/visit.go:230.2,230.33 1 1
be/repository/visit/visit.go:234.2,236.132 2 1
be/repository/visit/visit.go:241.2,241.134 1 1
be/repository/visit/visit.go:247.2,249.121 2 1
be/repository/visit/visit.go:254.2,254.179 1 1
be/repository/visit/visit.go:260.2,260.35 1 1
be/repository/visit/visit.go:224.15,225.31 1 1
be/repository/visit/visit.go:225.31,227.4 1 0
be/repository/visit/visit.go:230.33,232.3 1 0
be/repository/visit/visit.go:236.132,239.3 2 0
be/repository/visit/visit.go:241.134,245.3 3 0
be/repository/visit/visit.go:249.121,252.3 2 0
be/repository/visit/visit.go:254.179,258.3 3 0
be/repository/visit/visit.go:263.70,266.511 2 1
be/repository/visit/visit.go:270.2,270.20 1 1
be/repository/visit/visit.go:266.511,268.3 1 0
be/repository/visit/visit.go:273.87,275.14 1 1
be/repository/visit/visit.go:285.2,285.16 1 1
be/repository/visit/visit.go:292.2,292.14 1 1
be/repository/visit/visit.go:304.2,304.17 1 1
be/repository/visit/visit.go:313.2,316.833 3 1
be/repository/visit/visit.go:321.2,321.20 1 1
be/repository/visit/visit.go:276.10,277.48 1 1
be/repository/visit/visit.go:278.17,279.40 1 0
be/repository/visit/visit.go:280.16,281.45 1 1
be/repository/visit/visit.go:286.10,287.53 1 1
be/repository/visit/visit.go:288.10,289.50 1 1
be/repository/visit/visit.go:293.10,294.55 1 1
be/repository/visit/visit.go:295.10,298.17 3 1
be/repository/visit/visit.go:301.3,301.81 1 1
be/repository/visit/visit.go:298.17,300.4 1 0
be/repository/visit/visit.go:305.10,306.17 1 1
be/repository/visit/visit.go:307.17,308.27 1 1
be/repository/visit/visit.go:309.16,310.33 1 0
be/repository/visit/visit.go:316.833,319.3 2 0
