mode: set
be/delivery/controllers/auth/auth.go:19.42,23.2 1 1
be/delivery/controllers/auth/auth.go:25.52,26.36 1 1
be/delivery/controllers/auth/auth.go:26.36,29.100 2 1
be/delivery/controllers/auth/auth.go:33.3,35.17 2 1
be/delivery/controllers/auth/auth.go:50.3,52.17 2 1
be/delivery/controllers/auth/auth.go:58.3,61.6 1 1
be/delivery/controllers/auth/auth.go:29.100,31.4 1 1
be/delivery/controllers/auth/auth.go:35.17,37.23 2 1
be/delivery/controllers/auth/auth.go:46.4,46.103 1 1
be/delivery/controllers/auth/auth.go:38.30,39.43 1 1
be/delivery/controllers/auth/auth.go:40.28,41.45 1 1
be/delivery/controllers/auth/auth.go:42.12,43.55 1 1
be/delivery/controllers/auth/auth.go:52.17,56.4 3 1
be/delivery/controllers/doctor/doctor.go:22.58,27.2 1 1
be/delivery/controllers/doctor/doctor.go:29.51,30.36 1 1
be/delivery/controllers/doctor/doctor.go:30.36,35.38 2 1
be/delivery/controllers/doctor/doctor.go:40.3,41.39 2 1
be/delivery/controllers/doctor/doctor.go:58.3,59.17 2 1
be/delivery/controllers/doctor/doctor.go:62.3,62.17 1 1
be/delivery/controllers/doctor/doctor.go:74.3,76.17 2 1
be/delivery/controllers/doctor/doctor.go:91.3,93.6 1 1
be/delivery/controllers/doctor/doctor.go:35.38,38.4 2 1
be/delivery/controllers/doctor/doctor.go:41.39,43.11 2 1
be/delivery/controllers/doctor/doctor.go:53.4,53.85 1 1
be/delivery/controllers/doctor/doctor.go:44.51,45.41 1 1
be/delivery/controllers/doctor/doctor.go:46.48,47.38 1 1
be/delivery/controllers/doctor/doctor.go:48.51,49.41 1 1
be/delivery/controllers/doctor/doctor.go:50.12,51.38 1 0
be/delivery/controllers/doctor/doctor.go:59.17,61.4 1 1
be/delivery/controllers/doctor/doctor.go:62.17,64.18 2 1
be/delivery/controllers/doctor/doctor.go:69.4,69.20 1 1
be/delivery/controllers/doctor/doctor.go:64.18,67.5 2 1
be/delivery/controllers/doctor/doctor.go:76.17,79.23 2 1
be/delivery/controllers/doctor/doctor.go:88.4,88.103 1 1
be/delivery/controllers/doctor/doctor.go:80.64,82.57 1 1
be/delivery/controllers/doctor/doctor.go:83.58,84.51 1 1
be/delivery/controllers/doctor/doctor.go:85.12,86.55 1 1
be/delivery/controllers/doctor/doctor.go:97.51,98.36 1 1
be/delivery/controllers/doctor/doctor.go:98.36,104.38 3 1
be/delivery/controllers/doctor/doctor.go:111.3,112.17 2 1
be/delivery/controllers/doctor/doctor.go:115.3,115.17 1 1
be/delivery/controllers/doctor/doctor.go:145.3,147.17 2 1
be/delivery/controllers/doctor/doctor.go:162.3,162.112 1 1
be/delivery/controllers/doctor/doctor.go:104.38,107.4 2 1
be/delivery/controllers/doctor/doctor.go:112.17,114.4 1 1
be/delivery/controllers/doctor/doctor.go:115.17,117.18 2 1
be/delivery/controllers/doctor/doctor.go:121.4,121.92 1 1
be/delivery/controllers/doctor/doctor.go:117.18,120.5 2 1
be/delivery/controllers/doctor/doctor.go:121.92,128.25 5 1
be/delivery/controllers/doctor/doctor.go:128.25,131.6 2 1
be/delivery/controllers/doctor/doctor.go:132.10,134.19 2 1
be/delivery/controllers/doctor/doctor.go:139.5,139.21 1 1
be/delivery/controllers/doctor/doctor.go:134.19,137.6 2 1
be/delivery/controllers/doctor/doctor.go:147.17,149.23 2 1
be/delivery/controllers/doctor/doctor.go:159.4,159.103 1 1
be/delivery/controllers/doctor/doctor.go:150.58,151.51 1 1
be/delivery/controllers/doctor/doctor.go:152.82,153.75 1 1
be/delivery/controllers/doctor/doctor.go:154.28,155.45 1 1
be/delivery/controllers/doctor/doctor.go:156.12,157.55 1 1
be/delivery/controllers/doctor/doctor.go:166.51,167.36 1 1
be/delivery/controllers/doctor/doctor.go:167.36,173.17 3 1
be/delivery/controllers/doctor/doctor.go:177.3,177.91 1 1
be/delivery/controllers/doctor/doctor.go:191.3,193.17 2 1
be/delivery/controllers/doctor/doctor.go:204.3,204.117 1 1
be/delivery/controllers/doctor/doctor.go:173.17,175.4 1 1
be/delivery/controllers/doctor/doctor.go:177.91,184.24 5 1
be/delivery/controllers/doctor/doctor.go:184.24,186.5 1 1
be/delivery/controllers/doctor/doctor.go:193.17,195.23 2 1
be/delivery/controllers/doctor/doctor.go:201.4,201.103 1 1
be/delivery/controllers/doctor/doctor.go:196.28,197.45 1 1
be/delivery/controllers/doctor/doctor.go:198.12,199.55 1 1
be/delivery/controllers/doctor/doctor.go:208.55,209.36 1 1
be/delivery/controllers/doctor/doctor.go:209.36,216.17 3 1
be/delivery/controllers/doctor/doctor.go:227.3,227.90 1 1
be/delivery/controllers/doctor/doctor.go:216.17,218.23 2 1
be/delivery/controllers/doctor/doctor.go:224.4,224.103 1 1
be/delivery/controllers/doctor/doctor.go:219.28,220.45 1 1
be/delivery/controllers/doctor/doctor.go:221.12,222.55 1 1
be/delivery/controllers/doctor/doctor.go:231.51,232.36 1 1
be/delivery/controllers/doctor/doctor.go:232.36,238.17 2 1
be/delivery/controllers/doctor/doctor.go:243.3,243.96 1 1
be/delivery/controllers/doctor/doctor.go:238.17,241.4 2 1
be/delivery/controllers/doctor/formatter.go:18.43,32.2 1 1
be/delivery/controllers/patient/formatter.go:26.45,47.2 3 1
be/delivery/controllers/patient/patient.go:22.60,27.2 1 1
be/delivery/controllers/patient/patient.go:29.51,30.36 1 1
be/delivery/controllers/patient/patient.go:30.36,35.38 2 1
be/delivery/controllers/patient/patient.go:40.3,41.39 2 1
be/delivery/controllers/patient/patient.go:60.3,61.17 2 1
be/delivery/controllers/patient/patient.go:64.3,64.17 1 1
be/delivery/controllers/patient/patient.go:76.3,78.17 2 1
be/delivery/controllers/patient/patient.go:90.3,90.108 1 1
be/delivery/controllers/patient/patient.go:35.38,38.4 2 1
be/delivery/controllers/patient/patient.go:41.39,43.11 2 1
be/delivery/controllers/patient/patient.go:55.4,55.85 1 1
be/delivery/controllers/patient/patient.go:44.51,45.41 1 1
be/delivery/controllers/patient/patient.go:46.48,47.38 1 1
be/delivery/controllers/patient/patient.go:48.51,49.41 1 1
be/delivery/controllers/patient/patient.go:50.46,51.36 1 1
be/delivery/controllers/patient/patient.go:52.12,53.38 1 0
be/delivery/controllers/patient/patient.go:61.17,63.4 1 1
be/delivery/controllers/patient/patient.go:64.17,66.18 2 1
be/delivery/controllers/patient/patient.go:71.4,71.20 1 1
be/delivery/controllers/patient/patient.go:66.18,69.5 2 1
be/delivery/controllers/patient/patient.go:78.17,80.23 2 1
be/delivery/controllers/patient/patient.go:87.4,87.103 1 1
be/delivery/controllers/patient/patient.go:81.58,82.51 1 1
be/delivery/controllers/patient/patient.go:83.12,84.55 1 1
be/delivery/controllers/patient/patient.go:94.51,95.36 1 1
be/delivery/controllers/patient/patient.go:95.36,101.38 3 1
be/delivery/controllers/patient/patient.go:105.3,105.10 1 1
be/delivery/controllers/patient/patient.go:116.3,117.17 2 1
be/delivery/controllers/patient/patient.go:120.3,120.17 1 1
be/delivery/controllers/patient/patient.go:151.3,153.17 2 1
be/delivery/controllers/patient/patient.go:166.3,166.113 1 1
be/delivery/controllers/patient/patient.go:101.38,103.4 1 1
be/delivery/controllers/patient/patient.go:106.22,107.112 1 1
be/delivery/controllers/patient/patient.go:108.29,109.120 1 1
be/delivery/controllers/patient/patient.go:110.22,111.122 1 1
be/delivery/controllers/patient/patient.go:117.17,119.4 1 1
be/delivery/controllers/patient/patient.go:120.17,122.18 2 1
be/delivery/controllers/patient/patient.go:127.4,127.92 1 1
be/delivery/controllers/patient/patient.go:122.18,126.5 2 1
be/delivery/controllers/patient/patient.go:127.92,134.25 5 1
be/delivery/controllers/patient/patient.go:134.25,137.6 2 1
be/delivery/controllers/patient/patient.go:138.10,140.19 2 1
be/delivery/controllers/patient/patient.go:145.5,145.21 1 1
be/delivery/controllers/patient/patient.go:140.19,143.6 2 1
be/delivery/controllers/patient/patient.go:153.17,155.23 2 1
be/delivery/controllers/patient/patient.go:163.4,163.103 1 1
be/delivery/controllers/patient/patient.go:156.58,157.51 1 1
be/delivery/controllers/patient/patient.go:158.28,159.45 1 1
be/delivery/controllers/patient/patient.go:160.12,161.55 1 1
be/delivery/controllers/patient/patient.go:170.51,171.36 1 1
be/delivery/controllers/patient/patient.go:171.36,177.17 3 1
be/delivery/controllers/patient/patient.go:181.3,181.91 1 1
be/delivery/controllers/patient/patient.go:195.3,197.17 2 1
be/delivery/controllers/patient/patient.go:208.3,208.118 1 1
be/delivery/controllers/patient/patient.go:177.17,179.4 1 1
be/delivery/controllers/patient/patient.go:181.91,188.24 5 1
be/delivery/controllers/patient/patient.go:188.24,190.5 1 1
be/delivery/controllers/patient/patient.go:197.17,199.23 2 1
be/delivery/controllers/patient/patient.go:205.4,205.103 1 1
be/delivery/controllers/patient/patient.go:200.28,201.45 1 1
be/delivery/controllers/patient/patient.go:202.12,203.55 1 1
be/delivery/controllers/patient/patient.go:212.55,213.36 1 1
be/delivery/controllers/patient/patient.go:213.36,216.51 2 1
be/delivery/controllers/patient/patient.go:222.3,224.17 2 1
be/delivery/controllers/patient/patient.go:235.3,235.101 1 1
be/delivery/controllers/patient/patient.go:216.51,218.4 1 1
be/delivery/controllers/patient/patient.go:224.17,226.23 2 1
be/delivery/controllers/patient/patient.go:232.4,232.103 1 1
be/delivery/controllers/patient/patient.go:227.28,228.45 1 1
be/delivery/controllers/patient/patient.go:229.12,230.55 1 1
be/delivery/controllers/visit/formatter.go:28.41,48.2 3 1
be/delivery/controllers/visit/visit.go:22.60,27.2 1 1
be/delivery/controllers/visit/visit.go:29.51,30.36 1 1
be/delivery/controllers/visit/visit.go:30.36,34.38 3 1
be/delivery/controllers/visit/visit.go:39.3,40.39 2 1
be/delivery/controllers/visit/visit.go:54.3,56.17 2 1
be/delivery/controllers/visit/visit.go:67.3,68.17 2 1
be/delivery/controllers/visit/visit.go:72.3,73.17 2 1
be/delivery/controllers/visit/visit.go:78.3,78.141 1 1
be/delivery/controllers/visit/visit.go:34.38,37.4 2 1
be/delivery/controllers/visit/visit.go:40.39,42.11 2 1
be/delivery/controllers/visit/visit.go:52.4,52.85 1 1
be/delivery/controllers/visit/visit.go:43.47,44.37 1 1
be/delivery/controllers/visit/visit.go:45.53,46.43 1 1
be/delivery/controllers/visit/visit.go:47.52,48.42 1 1
be/delivery/controllers/visit/visit.go:49.12,50.38 1 0
be/delivery/controllers/visit/visit.go:56.17,58.23 2 1
be/delivery/controllers/visit/visit.go:64.4,64.103 1 1
be/delivery/controllers/visit/visit.go:59.69,60.62 1 1
be/delivery/controllers/visit/visit.go:61.12,62.50 1 1
be/delivery/controllers/visit/visit.go:68.17,71.4 2 1
be/delivery/controllers/visit/visit.go:73.17,76.4 2 1
be/delivery/controllers/visit/visit.go:82.51,83.36 1 1
be/delivery/controllers/visit/visit.go:83.36,87.38 3 1
be/delivery/controllers/visit/visit.go:91.3,91.10 1 1
be/delivery/controllers/visit/visit.go:96.3,98.17 2 1
be/delivery/controllers/visit/visit.go:109.3,109.116 1 1
be/delivery/controllers/visit/visit.go:87.38,89.4 1 1
be/delivery/controllers/visit/visit.go:92.23,93.122 1 1
be/delivery/controllers/visit/visit.go:98.17,100.23 2 1
be/delivery/controllers/visit/visit.go:106.4,106.103 1 1
be/delivery/controllers/visit/visit.go:101.48,102.45 1 1
be/delivery/controllers/visit/visit.go:103.12,104.50 1 1
be/delivery/controllers/visit/visit.go:113.51,114.36 1 1
be/delivery/controllers/visit/visit.go:114.36,119.17 3 1
be/delivery/controllers/visit/visit.go:130.3,130.116 1 1
be/delivery/controllers/visit/visit.go:119.17,121.23 2 1
be/delivery/controllers/visit/visit.go:127.4,127.103 1 1
be/delivery/controllers/visit/visit.go:122.48,123.45 1 1
be/delivery/controllers/visit/visit.go:124.12,125.50 1 1
be/delivery/controllers/visit/visit.go:134.54,135.36 1 1
be/delivery/controllers/visit/visit.go:135.36,146.17 7 1
be/delivery/controllers/visit/visit.go:155.3,155.96 1 1
be/delivery/controllers/visit/visit.go:146.17,148.23 2 1
be/delivery/controllers/visit/visit.go:152.4,152.103 1 1
be/delivery/controllers/visit/visit.go:149.12,150.50 1 1
be/repository/auth/auth.go:16.31,20.2 1 1
be/repository/auth/auth.go:22.91,29.27 3 1
be/repository/auth/auth.go:35.2,35.27 1 1
be/repository/auth/auth.go:45.2,48.27 3 1
be/repository/auth/auth.go:54.2,54.27 1 1
be/repository/auth/auth.go:61.2,62.70 2 1
be/repository/auth/auth.go:29.27,30.75 1 1
be/repository/auth/auth.go:30.75,32.4 1 1
be/repository/auth/auth.go:35.27,41.3 1 1
be/repository/auth/auth.go:48.27,49.74 1 1
be/repository/auth/auth.go:49.74,51.4 1 1
be/repository/auth/auth.go:54.27,60.3 1 1
be/repository/doctor/doctor.go:18.29,22.2 1 1
be/repository/doctor/doctor.go:24.69,28.22 1 1
be/repository/doctor/doctor.go:34.2,40.37 3 1
be/repository/doctor/doctor.go:43.2,44.6 2 1
be/repository/doctor/doctor.go:52.2,54.16 3 1
be/repository/doctor/doctor.go:58.2,60.74 2 1
be/repository/doctor/doctor.go:65.2,65.17 1 1
be/repository/doctor/doctor.go:28.22,30.3 1 1
be/repository/doctor/doctor.go:40.37,42.3 1 1
be/repository/doctor/doctor.go:44.6,48.28 4 1
be/repository/doctor/doctor.go:48.28,49.9 1 1
be/repository/doctor/doctor.go:54.16,57.3 2 0
be/repository/doctor/doctor.go:60.74,63.3 2 0
be/repository/doctor/doctor.go:68.88,71.15 2 1
be/repository/doctor/doctor.go:77.2,77.33 1 1
be/repository/doctor/doctor.go:81.2,91.37 4 1
be/repository/doctor/doctor.go:97.2,97.135 1 1
be/repository/doctor/doctor.go:104.2,107.22 2 1
be/repository/doctor/doctor.go:112.2,122.109 1 1
be/repository/doctor/doctor.go:129.2,129.35 1 1
be/repository/doctor/doctor.go:71.15,72.31 1 1
be/repository/doctor/doctor.go:72.31,74.4 1 0
be/repository/doctor/doctor.go:77.33,79.3 1 0
be/repository/doctor/doctor.go:91.37,95.3 3 1
be/repository/doctor/doctor.go:97.135,101.3 3 1
be/repository/doctor/doctor.go:107.22,110.3 2 1
be/repository/doctor/doctor.go:122.109,127.3 4 0
be/repository/doctor/doctor.go:132.67,135.139 2 1
be/repository/doctor/doctor.go:140.2,140.21 1 1
be/repository/doctor/doctor.go:135.139,138.3 2 1
be/repository/doctor/doctor.go:143.67,149.174 3 1
be/repository/doctor/doctor.go:154.2,154.25 1 1
be/repository/doctor/doctor.go:149.174,152.3 2 1
be/repository/doctor/doctor.go:157.38,160.80 2 1
be/repository/doctor/doctor.go:165.2,165.17 1 1
be/repository/doctor/doctor.go:160.80,163.3 2 0
be/repository/patient/patient.go:16.29,20.2 1 1
be/repository/patient/patient.go:22.71,32.37 3 1
be/repository/patient/patient.go:35.2,36.6 2 1
be/repository/patient/patient.go:44.2,46.16 3 1
be/repository/patient/patient.go:49.2,51.75 2 1
be/repository/patient/patient.go:55.2,55.17 1 1
be/repository/patient/patient.go:32.37,34.3 1 1
be/repository/patient/patient.go:36.6,40.28 4 1
be/repository/patient/patient.go:40.28,41.9 1 1
be/repository/patient/patient.go:46.16,48.3 1 0
be/repository/patient/patient.go:51.75,53.3 1 0
be/repository/patient/patient.go:58.91,70.37 4 1
be/repository/patient/patient.go:74.2,83.71 1 1
be/repository/patient/patient.go:87.2,87.21 1 1
be/repository/patient/patient.go:70.37,72.3 1 1
be/repository/patient/patient.go:83.71,85.3 1 1
be/repository/patient/patient.go:90.69,93.142 2 1
be/repository/patient/patient.go:97.2,97.21 1 1
be/repository/patient/patient.go:93.142,95.3 1 1
be/repository/patient/patient.go:100.64,103.144 2 1
be/repository/patient/patient.go:107.2,107.25 1 1
be/repository/patient/patient.go:103.144,105.3 1 1
be/repository/visit/visit.go:18.29,22.2 1 1
be/repository/visit/visit.go:24.105,29.16 3 1
be/repository/visit/visit.go:33.2,36.6 3 1
be/repository/visit/visit.go:44.2,49.15 5 1
be/repository/visit/visit.go:55.2,55.33 1 1
be/repository/visit/visit.go:59.2,59.71 1 1
be/repository/visit/visit.go:64.2,64.29 1 1
be/repository/visit/visit.go:80.2,80.31 1 1
be/repository/visit/visit.go:29.16,31.3 1 1
be/repository/visit/visit.go:36.6,40.28 4 1
be/repository/visit/visit.go:40.28,41.9 1 1
be/repository/visit/visit.go:49.15,50.31 1 1
be/repository/visit/visit.go:50.31,52.4 1 0
be/repository/visit/visit.go:55.33,57.3 1 0
be/repository/visit/visit.go:59.71,62.3 2 1
be/repository/visit/visit.go:64.29,68.114 2 1
be/repository/visit/visit.go:73.3,73.172 1 1
be/repository/visit/visit.go:68.114,71.4 2 0
be/repository/visit/visit.go:73.172,76.4 2 0
be/repository/visit/visit.go:84.102,90.164 2 1
be/repository/visit/visit.go:94.2,95.6 2 1
be/repository/visit/visit.go:103.2,111.15 5 1
be/repository/visit/visit.go:117.2,117.33 1 1
be/repository/visit/visit.go:121.2,121.71 1 1
be/repository/visit/visit.go:126.2,126.29 1 1
be/repository/visit/visit.go:142.2,142.31 1 1
be/repository/visit/visit.go:90.164,92.3 1 1
be/repository/visit/visit.go:95.6,99.28 4 1
be/repository/visit/visit.go:99.28,100.9 1 1
be/repository/visit/visit.go:111.15,112.31 1 1
be/repository/visit/visit.go:112.31,114.4 1 0
be/repository/visit/visit.go:117.33,119.3 1 0
be/repository/visit/visit.go:121.71,124.3 2 1
be/repository/visit/visit.go:126.29,130.139 2 1
be/repository/visit/visit.go:135.3,135.172 1 1
be/repository/visit/visit.go:130.139,133.4 2 0
be/repository/visit/visit.go:135.172,138.4 2 0
be/repository/visit/visit.go:145.85,147.15 2 1
be/repository/visit/visit.go:153.2,153.33 1 1
be/repository/visit/visit.go:157.2,159.132 2 1
be/repository/visit/visit.go:163.2,165.134 2 1
be/repository/visit/visit.go:170.2,172.50 2 1
be/repository/visit/visit.go:177.2,190.48 1 1
be/repository/visit/visit.go:195.2,195.56 1 1
be/repository/visit/visit.go:211.2,211.35 1 1
be/repository/visit/visit.go:147.15,148.31 1 1
be/repository/visit/visit.go:148.31,150.4 1 0
be/repository/visit/visit.go:153.33,155.3 1 0
be/repository/visit/visit.go:159.132,162.3 2 1
be/repository/visit/visit.go:165.134,169.3 2 0
be/repository/visit/visit.go:172.50,175.3 2 0
be/repository/visit/visit.go:190.48,193.3 2 0
be/repository/visit/visit.go:195.56,199.147 2 1
be/repository/visit/visit.go:204.3,204.180 1 1
be/repository/visit/visit.go:199.147,202.4 2 0
be/repository/visit/visit.go:204.180,207.4 2 0
be/repository/visit/visit.go:214.65,217.15 2 1
be/repository/visit/visit.go:223.2,223.33 1 1
be/repository/visit/visit.go:227.2,229.132 2 1
be/repository/visit/visit.go:234.2,234.134 1 1
be/repository/visit/visit.go:240.2,242.146 2 1
be/repository/visit/visit.go:247.2,247.179 1 1
be/repository/visit/visit.go:253.2,253.35 1 1
be/repository/visit/visit.go:217.15,218.31 1 1
be/repository/visit/visit.go:218.31,220.4 1 0
be/repository/visit/visit.go:223.33,225.3 1 0
be/repository/visit/visit.go:229.132,232.3 2 1
be/repository/visit/visit.go:234.134,238.3 3 0
be/repository/visit/visit.go:242.146,245.3 2 0
be/repository/visit/visit.go:247.179,251.3 3 0
be/repository/visit/visit.go:256.70,259.511 2 1
be/repository/visit/visit.go:263.2,263.20 1 1
be/repository/visit/visit.go:259.511,261.3 1 1
be/repository/visit/visit.go:266.87,268.14 1 1
be/repository/visit/visit.go:278.2,278.16 1 1
be/repository/visit/visit.go:285.2,285.14 1 1
be/repository/visit/visit.go:297.2,297.17 1 1
be/repository/visit/visit.go:306.2,309.833 3 1
be/repository/visit/visit.go:315.2,315.20 1 1
be/repository/visit/visit.go:269.10,270.48 1 1
be/repository/visit/visit.go:271.17,272.40 1 1
be/repository/visit/visit.go:273.16,274.45 1 1
be/repository/visit/visit.go:279.10,280.53 1 1
be/repository/visit/visit.go:281.10,282.50 1 1
be/repository/visit/visit.go:286.10,287.55 1 1
be/repository/visit/visit.go:288.10,291.17 3 1
be/repository/visit/visit.go:294.3,294.81 1 1
be/repository/visit/visit.go:291.17,293.4 1 1
be/repository/visit/visit.go:298.10,299.17 1 1
be/repository/visit/visit.go:300.17,301.27 1 1
be/repository/visit/visit.go:302.16,303.33 1 1
be/repository/visit/visit.go:309.833,313.3 3 0
