mode: set
be/repository/visit/visit.go:18.29,22.2 1 1
be/repository/visit/visit.go:24.105,29.16 3 1
be/repository/visit/visit.go:33.2,36.6 3 1
be/repository/visit/visit.go:44.2,49.15 5 1
be/repository/visit/visit.go:55.2,55.33 1 1
be/repository/visit/visit.go:59.2,59.71 1 1
be/repository/visit/visit.go:64.2,64.29 1 1
be/repository/visit/visit.go:80.2,80.31 1 1
be/repository/visit/visit.go:29.16,31.3 1 1
be/repository/visit/visit.go:36.6,40.28 4 1
be/repository/visit/visit.go:40.28,41.9 1 1
be/repository/visit/visit.go:49.15,50.31 1 1
be/repository/visit/visit.go:50.31,52.4 1 0
be/repository/visit/visit.go:55.33,57.3 1 0
be/repository/visit/visit.go:59.71,62.3 2 1
be/repository/visit/visit.go:64.29,68.114 2 1
be/repository/visit/visit.go:73.3,73.172 1 1
be/repository/visit/visit.go:68.114,71.4 2 0
be/repository/visit/visit.go:73.172,76.4 2 0
be/repository/visit/visit.go:84.102,90.164 2 1
be/repository/visit/visit.go:94.2,95.6 2 1
be/repository/visit/visit.go:103.2,111.15 5 1
be/repository/visit/visit.go:117.2,117.33 1 1
be/repository/visit/visit.go:121.2,121.71 1 1
be/repository/visit/visit.go:126.2,126.29 1 1
be/repository/visit/visit.go:142.2,142.31 1 1
be/repository/visit/visit.go:90.164,92.3 1 1
be/repository/visit/visit.go:95.6,99.28 4 1
be/repository/visit/visit.go:99.28,100.9 1 1
be/repository/visit/visit.go:111.15,112.31 1 1
be/repository/visit/visit.go:112.31,114.4 1 0
be/repository/visit/visit.go:117.33,119.3 1 0
be/repository/visit/visit.go:121.71,124.3 2 1
be/repository/visit/visit.go:126.29,130.139 2 1
be/repository/visit/visit.go:135.3,135.172 1 1
be/repository/visit/visit.go:130.139,133.4 2 0
be/repository/visit/visit.go:135.172,138.4 2 0
be/repository/visit/visit.go:145.85,147.15 2 1
be/repository/visit/visit.go:153.2,153.33 1 1
be/repository/visit/visit.go:157.2,159.132 2 1
be/repository/visit/visit.go:163.2,165.134 2 1
be/repository/visit/visit.go:170.2,172.50 2 1
be/repository/visit/visit.go:177.2,190.48 1 1
be/repository/visit/visit.go:195.2,195.56 1 1
be/repository/visit/visit.go:211.2,211.35 1 1
be/repository/visit/visit.go:147.15,148.31 1 1
be/repository/visit/visit.go:148.31,150.4 1 0
be/repository/visit/visit.go:153.33,155.3 1 0
be/repository/visit/visit.go:159.132,162.3 2 1
be/repository/visit/visit.go:165.134,169.3 2 0
be/repository/visit/visit.go:172.50,175.3 2 0
be/repository/visit/visit.go:190.48,193.3 2 0
be/repository/visit/visit.go:195.56,199.147 2 1
be/repository/visit/visit.go:204.3,204.180 1 1
be/repository/visit/visit.go:199.147,202.4 2 0
be/repository/visit/visit.go:204.180,207.4 2 0
be/repository/visit/visit.go:214.65,217.15 2 1
be/repository/visit/visit.go:223.2,223.33 1 1
be/repository/visit/visit.go:227.2,229.132 2 1
be/repository/visit/visit.go:234.2,234.134 1 1
be/repository/visit/visit.go:240.2,242.146 2 1
be/repository/visit/visit.go:247.2,247.179 1 1
be/repository/visit/visit.go:253.2,253.35 1 1
be/repository/visit/visit.go:217.15,218.31 1 1
be/repository/visit/visit.go:218.31,220.4 1 0
be/repository/visit/visit.go:223.33,225.3 1 0
be/repository/visit/visit.go:229.132,232.3 2 1
be/repository/visit/visit.go:234.134,238.3 3 0
be/repository/visit/visit.go:242.146,245.3 2 0
be/repository/visit/visit.go:247.179,251.3 3 0
be/repository/visit/visit.go:256.70,259.511 2 1
be/repository/visit/visit.go:263.2,263.20 1 1
be/repository/visit/visit.go:259.511,261.3 1 1
be/repository/visit/visit.go:266.87,268.14 1 1
be/repository/visit/visit.go:278.2,278.16 1 1
be/repository/visit/visit.go:285.2,285.14 1 1
be/repository/visit/visit.go:297.2,297.17 1 1
be/repository/visit/visit.go:306.2,309.833 3 1
be/repository/visit/visit.go:315.2,315.20 1 1
be/repository/visit/visit.go:269.10,270.48 1 1
be/repository/visit/visit.go:271.17,272.40 1 1
be/repository/visit/visit.go:273.16,274.45 1 1
be/repository/visit/visit.go:279.10,280.53 1 1
be/repository/visit/visit.go:281.10,282.50 1 1
be/repository/visit/visit.go:286.10,287.55 1 1
be/repository/visit/visit.go:288.10,291.17 3 1
be/repository/visit/visit.go:294.3,294.81 1 1
be/repository/visit/visit.go:291.17,293.4 1 1
be/repository/visit/visit.go:298.10,299.17 1 1
be/repository/visit/visit.go:300.17,301.27 1 1
be/repository/visit/visit.go:302.16,303.33 1 1
be/repository/visit/visit.go:309.833,313.3 3 0
