mode: set
be/repository/visit/visit.go:18.29,22.2 1 1
be/repository/visit/visit.go:24.105,29.16 3 1
be/repository/visit/visit.go:33.2,43.15 8 1
be/repository/visit/visit.go:49.2,49.33 1 1
be/repository/visit/visit.go:53.2,53.71 1 1
be/repository/visit/visit.go:59.2,59.31 1 1
be/repository/visit/visit.go:29.16,31.3 1 1
be/repository/visit/visit.go:43.15,44.31 1 1
be/repository/visit/visit.go:44.31,46.4 1 0
be/repository/visit/visit.go:49.33,51.3 1 0
be/repository/visit/visit.go:53.71,56.3 2 1
be/repository/visit/visit.go:63.102,69.164 2 1
be/repository/visit/visit.go:73.2,81.15 7 1
be/repository/visit/visit.go:87.2,87.33 1 1
be/repository/visit/visit.go:91.2,91.71 1 1
be/repository/visit/visit.go:96.2,96.31 1 1
be/repository/visit/visit.go:69.164,71.3 1 1
be/repository/visit/visit.go:81.15,82.31 1 1
be/repository/visit/visit.go:82.31,84.4 1 0
be/repository/visit/visit.go:87.33,89.3 1 0
be/repository/visit/visit.go:91.71,94.3 2 1
be/repository/visit/visit.go:99.85,101.15 2 1
be/repository/visit/visit.go:107.2,107.33 1 1
be/repository/visit/visit.go:111.2,113.132 2 1
be/repository/visit/visit.go:117.2,119.134 2 1
be/repository/visit/visit.go:124.2,126.50 2 1
be/repository/visit/visit.go:131.2,131.28 1 1
be/repository/visit/visit.go:136.2,150.48 1 1
be/repository/visit/visit.go:161.2,161.35 1 1
be/repository/visit/visit.go:101.15,102.31 1 1
be/repository/visit/visit.go:102.31,104.4 1 0
be/repository/visit/visit.go:107.33,109.3 1 0
be/repository/visit/visit.go:113.132,116.3 2 1
be/repository/visit/visit.go:119.134,123.3 2 0
be/repository/visit/visit.go:126.50,129.3 2 0
be/repository/visit/visit.go:131.28,133.3 1 1
be/repository/visit/visit.go:150.48,151.10 1 1
be/repository/visit/visit.go:152.25,154.51 2 0
be/repository/visit/visit.go:155.11,157.38 2 1
be/repository/visit/visit.go:164.65,167.15 2 1
be/repository/visit/visit.go:173.2,173.33 1 1
be/repository/visit/visit.go:177.2,179.132 2 1
be/repository/visit/visit.go:184.2,184.134 1 1
be/repository/visit/visit.go:190.2,190.35 1 1
be/repository/visit/visit.go:167.15,168.31 1 1
be/repository/visit/visit.go:168.31,170.4 1 0
be/repository/visit/visit.go:173.33,175.3 1 0
be/repository/visit/visit.go:179.132,182.3 2 1
be/repository/visit/visit.go:184.134,188.3 3 0
be/repository/visit/visit.go:193.70,196.535 2 1
be/repository/visit/visit.go:200.2,200.20 1 1
be/repository/visit/visit.go:196.535,198.3 1 1
be/repository/visit/visit.go:203.87,205.14 1 1
be/repository/visit/visit.go:216.2,216.16 1 1
be/repository/visit/visit.go:223.2,223.14 1 1
be/repository/visit/visit.go:235.2,235.17 1 1
be/repository/visit/visit.go:244.2,247.870 3 1
be/repository/visit/visit.go:253.2,253.20 1 1
be/repository/visit/visit.go:206.10,207.48 1 1
be/repository/visit/visit.go:208.17,209.40 1 1
be/repository/visit/visit.go:210.16,211.45 1 1
be/repository/visit/visit.go:212.15,213.44 1 0
be/repository/visit/visit.go:217.10,218.53 1 1
be/repository/visit/visit.go:219.10,220.50 1 1
be/repository/visit/visit.go:224.10,225.55 1 1
be/repository/visit/visit.go:226.10,229.17 3 1
be/repository/visit/visit.go:232.3,232.81 1 1
be/repository/visit/visit.go:229.17,231.4 1 1
be/repository/visit/visit.go:236.10,237.17 1 1
be/repository/visit/visit.go:238.17,239.27 1 1
be/repository/visit/visit.go:240.16,241.33 1 1
be/repository/visit/visit.go:247.870,251.3 3 0
